0 info it worked if it ends with ok
1 verbose cli [ 'c:\\Program Files\\nodejs\\\\node.exe',
1 verbose cli   'c:\\Program Files\\nodejs\\node_modules\\npm\\bin\\npm-cli.js',
1 verbose cli   'run',
1 verbose cli   'protractor' ]
2 info using npm@1.4.14
3 info using node@v0.10.29
4 verbose node symlink c:\Program Files\nodejs\\node.exe
5 verbose run-script [ 'preprotractor', 'protractor', 'postprotractor' ]
6 info preprotractor full-demo@0.0.1
7 verbose unsafe-perm in lifecycle true
8 info protractor full-demo@0.0.1
9 verbose unsafe-perm in lifecycle true
10 info full-demo@0.0.1 Failed to exec protractor script
11 error full-demo@0.0.1 protractor: `protractor test/protractor-conf.js`
11 error Exit status 1
12 error Failed at the full-demo@0.0.1 protractor script.
12 error This is most likely a problem with the full-demo package,
12 error not with npm itself.
12 error Tell the author that this fails on your system:
12 error     protractor test/protractor-conf.js
12 error You can get their info via:
12 error     npm owner ls full-demo
12 error There is likely additional logging output above.
13 error System Windows_NT 6.1.7600
14 error command "c:\\Program Files\\nodejs\\\\node.exe" "c:\\Program Files\\nodejs\\node_modules\\npm\\bin\\npm-cli.js" "run" "protractor"
15 error cwd C:\Users\TuanLA\git\tuan-luu\FullDemo\src\main\webapp\WEB-INF\src
16 error node -v v0.10.29
17 error npm -v 1.4.14
18 error code ELIFECYCLE
19 verbose exit [ 1, true ]
